Run number       Seed       Eb [GeV]  espread     n_z    n_t    Bhabhas?
------------------------------------------------------------------------

LEPZ-101         1701      45.55      8.54e-3  

LEPZ-102         1702      45.6       8.54e-3

LEPZ-103         1703      45.6       8.54e-3

LEPZ-104         1704      45.6       8.54e-4      32      4      <= DEFAULT

LEPZ-105         1705      45.6       8.54e-6      32      4

(Z-80  sets waist_y = 0 instead of +1.1 sigma_z as in Z-70--79 and uses seed 1706)

LEPZ-106         1707        "        8.54e-4      32      8
  
LEPZ-107         1708        "          "          64      4

LEPZ-108         1709        "          "          32      4     Y

(Z-81 does Bhabhas for optimal? waist_y and uses seed 1710).

LEPZ-109         1711                                           Bhabhas   store_pairs=2  bhabha_scal=4.8e-26

LEPZ-110         1712                                           Bhabhas         "               "              grids=7

Z-82             1713           grids=0

Z-83             1714    normal      grids=7

Z-84             1715   waist_y=0   grids=7

LEPZ-111   OuterProbe
 
LEPZ-112   InnerProbe  

Z-85       OuterProbe

Z-86       InnerProbe

LEPZ-113   InnerProbe  (256, 512, 40, 5, 500000)

LEPZ-114   OuterProbe

Z-87       InnerProbe  (256, 512, 64, 6, 600000)

Z-88       OuterProbe           "

Z-89       InnerProbe  (128, 256, 32, 4, 500000)    do_espread=1.

Z-90       OuterProbe 

Z-91       InnerProbe  (256, 512, 64, 6, 600000)

Z-92       OuterProbe     "

Z-93       InnerProbe     "   which_espread=4

Z-94       OuterProbe     "   which_espread=4

Z-95       41 mrad      SEED=1730

Z-96       67 mrad      SEED=1731

Z-97       85 mrad      SEED=1732 

Z-120      TenAngles    SEED=1753   waist_y=0.9 sigma_z

Z-121      TenAngles    SEED=1754   N=1.6

Z-122      TenAngles-Backward    SEED=1755   N=2.0

Z-123      TenAngles-Backward    SEED=1756   N=1.6

Z-124      TenAngles    SEED=1757, N=2.0, sE/E=0.00270, sigma_z=455.0um

Z-125      TenAngles    SEED=1758, N=2.0, betay=0.468mm

Z-126      TenAngles    SEED=1759, N=2.0, betax=21.6mm

Z-127      TenAngles    SEED=1760, N=2.0, sE/E=0.00246, sigma_z=500.0um

Z-129      TenAngles    SEED=1762, N=1.64, sE/E=0.00246, sigma_z=500.0um

Z-130      TenAngles    SEED=1763, N=2.0, sE/E=0.00200, sigma_z=615.0um

LEPZ-115   TwoAngles    SEED=1778. Same comp. parameters as LEPZ-113/LEPZ-114.

LEPZ-116   TwoAngles    SEED=1779. Same comp parameters as Z-91 etc.  (256, 512, 64, 6, 600000)

LEPZ-117   TwoAngles    SEED=1780. As LEPZ-116 but with force_symmetric=0

LEPZ-118   TwoAngles    SEED=1781. (512,1024,80,8,700000). Should maybe be nine times slower??

Z-131  TenAngles (force symmetric 0)

Z-132 to Z-144 TenAngles Waist scan for 615 um sigma_z.

Z-145 TenAngles   waist_y = 1.0 sigma_z with sigma_z = 820 um and sE/E = 0.15%.

Now repeat Z-120 but with larger N. 

Z-146  TenAngles N=2.5

Z-147  TenAngles N=3.0 


